

HI-TECH Software PIC LITE Macro Assembler V9.81 build 7503 
                                                                                               Sun Mar 02 10:08:17 2014

HI-TECH Software Omniscient Code Generator (Lite mode) build 7503
     1  0000                     opt subtitle "HI-TECH Software Omniscient Code Generator (Lite mode) build 7503"
     2                           
     3                           opt pagewidth 120
     4                           
     5                           	opt lm
     6                           
     7                           	processor	16F877A
     8                           clrc	macro
     9                           	bcf	3,0
    10  0000                     	endm
    11                           clrz	macro
    12                           	bcf	3,2
    13  0000                     	endm
    14                           setc	macro
    15                           	bsf	3,0
    16  0000                     	endm
    17                           setz	macro
    18                           	bsf	3,2
    19  0000                     	endm
    20                           skipc	macro
    21                           	btfss	3,0
    22  0000                     	endm
    23                           skipz	macro
    24                           	btfss	3,2
    25  0000                     	endm
    26                           skipnc	macro
    27                           	btfsc	3,0
    28  0000                     	endm
    29                           skipnz	macro
    30                           	btfsc	3,2
    31  0000                     	endm
    32  0000                     indf	equ	0
    33  0000                     indf0	equ	0
    34  0002                     pc	equ	2
    35  0002                     pcl	equ	2
    36  0003                     status	equ	3
    37  0004                     fsr	equ	4
    38  0004                     fsr0	equ	4
    39  0001                     c	equ	1
    40  0000                     z	equ	0
    41  000A                     pclath	equ	10
    42                           	FNROOT	_main
    43                           	global	_PORTB
    44                           psect	maintext,global,class=CODE,delta=2
    45                           global __pmaintext
    46  07D3                     __pmaintext:
    47  0006                     _PORTB	set	6
    48                           	global	_TRISB
    49  0086                     _TRISB	set	134
    50                           	file	"bled.as"
    51                           	line	#
    52                           psect cinit,class=CODE,delta=2
    53                           global start_initialization
    54  07CF                     start_initialization:
    55                           
    56                           psect cinit,class=CODE,delta=2
    57                           global end_of_initialization
    58                           
    59                           ;End of C runtime variable initialization code
    60                           
    61  07CF                     end_of_initialization:
    62  07CF  0183               clrf status
    63  07D0  120A  118A  2FD3   ljmp _main	;jump to C main() function
    64                           psect	cstackCOMMON,class=COMMON,space=1
    65                           global __pcstackCOMMON
    66  0070                     __pcstackCOMMON:
    67                           	global	?_main
    68  0070                     ?_main:	; 0 bytes @ 0x0
    69                           	global	??_main
    70  0070                     ??_main:	; 0 bytes @ 0x0
    71  0070                     	ds	3
    72 ;;Data sizes: Strings 0, constant 0, data 0, bss 0, persistent 0 stack 0
    73 ;;Auto spaces:   Size  Autos    Used
    74 ;; COMMON          14      3       3
    75 ;; BANK0           80      0       0
    76 ;; BANK1           80      0       0
    77 ;; BANK3           96      0       0
    78 ;; BANK2           96      0       0
    79                           
    80 ;;
    81 ;; Pointer list with targets:
    82                           
    83                           
    84                           
    85 ;;
    86 ;; Critical Paths under _main in COMMON
    87 ;;
    88 ;;   None.
    89 ;;
    90 ;; Critical Paths under _main in BANK0
    91 ;;
    92 ;;   None.
    93 ;;
    94 ;; Critical Paths under _main in BANK1
    95 ;;
    96 ;;   None.
    97 ;;
    98 ;; Critical Paths under _main in BANK3
    99 ;;
   100 ;;   None.
   101 ;;
   102 ;; Critical Paths under _main in BANK2
   103 ;;
   104 ;;   None.
   105                           
   106 ;;
   107 ;;Main: autosize = 0, tempsize = 3, incstack = 0, save=0
   108 ;;
   109                           
   110 ;;
   111 ;;Call Graph Tables:
   112 ;;
   113 ;; ---------------------------------------------------------------------------------
   114 ;; (Depth) Function   	        Calls       Base Space   Used Autos Params    Refs
   115 ;; ---------------------------------------------------------------------------------
   116 ;; (0) _main                                                 3     3      0       0
   117 ;;                                              0 COMMON     3     3      0
   118 ;; ---------------------------------------------------------------------------------
   119 ;; Estimated maximum stack depth 0
   120 ;; ---------------------------------------------------------------------------------
   121                           
   122 ;; Call Graph Graphs:
   123                           
   124 ;; _main (ROOT)
   125 ;;
   126                           
   127 ;; Address spaces:
   128                           
   129 ;;Name               Size   Autos  Total    Cost      Usage
   130 ;;BITCOMMON            E      0       0       0        0.0%
   131 ;;EEDATA             100      0       0       0        0.0%
   132 ;;NULL                 0      0       0       0        0.0%
   133 ;;CODE                 0      0       0       0        0.0%
   134 ;;COMMON               E      3       3       1       21.4%
   135 ;;BITSFR0              0      0       0       1        0.0%
   136 ;;SFR0                 0      0       0       1        0.0%
   137 ;;BITSFR1              0      0       0       2        0.0%
   138 ;;SFR1                 0      0       0       2        0.0%
   139 ;;STACK                0      0       0       2        0.0%
   140 ;;ABS                  0      0       0       3        0.0%
   141 ;;BITBANK0            50      0       0       4        0.0%
   142 ;;BITSFR3              0      0       0       4        0.0%
   143 ;;SFR3                 0      0       0       4        0.0%
   144 ;;BANK0               50      0       0       5        0.0%
   145 ;;BITSFR2              0      0       0       5        0.0%
   146 ;;SFR2                 0      0       0       5        0.0%
   147 ;;BITBANK1            50      0       0       6        0.0%
   148 ;;BANK1               50      0       0       7        0.0%
   149 ;;BITBANK3            60      0       0       8        0.0%
   150 ;;BANK3               60      0       0       9        0.0%
   151 ;;BITBANK2            60      0       0      10        0.0%
   152 ;;BANK2               60      0       0      11        0.0%
   153 ;;DATA                 0      0       0      12        0.0%
   154                           
   155                           	global	_main
   156                           psect	maintext
   157                           
   158 ;; *************** function _main *****************
   159 ;; Defined at:
   160 ;;		line 6 in file "G:\Electronics\Embeded\PIC Microcontroller\Hi-Tech C\Blinking LED PIC Hi-Tech C\code.c"
   161 ;; Parameters:    Size  Location     Type
   162 ;;		None
   163 ;; Auto vars:     Size  Location     Type
   164 ;;		None
   165 ;; Return value:  Size  Location     Type
   166 ;;		None               void
   167 ;; Registers used:
   168 ;;		wreg, status,2
   169 ;; Tracked objects:
   170 ;;		On entry : 17F/0
   171 ;;		On exit  : 0/0
   172 ;;		Unchanged: 0/0
   173 ;; Data sizes:     COMMON   BANK0   BANK1   BANK3   BANK2
   174 ;;      Params:         0       0       0       0       0
   175 ;;      Locals:         0       0       0       0       0
   176 ;;      Temps:          3       0       0       0       0
   177 ;;      Totals:         3       0       0       0       0
   178 ;;Total ram usage:        3 bytes
   179 ;; This function calls:
   180 ;;		Nothing
   181 ;; This function is called by:
   182 ;;		Startup code after reset
   183 ;; This function uses a non-reentrant model
   184 ;;
   185                           psect	maintext
   186                           	file	"G:\Electronics\Embeded\PIC Microcontroller\Hi-Tech C\Blinking LED PIC Hi-Tech C\c
                                 ode.c"
   187                           	line	6
   188                           	global	__size_of_main
   189  002D                     	__size_of_main	equ	__end_of_main-_main
   190                           	
   191  07D3                     _main:	
   192                           	opt	stack 8
   193                           ; Regs used in _main: [wreg+status,2]
   194                           	line	7
   195                           	
   196  07D3                     l1825:	
   197                           ;code.c: 7: TRISB=0X00;
   198  07D3  1683               	bsf	status, 5	;RP0=1, select bank1
   199  07D4  1303               	bcf	status, 6	;RP1=0, select bank1
   200  07D5  0186               	clrf	(134)^080h	;volatile
   201                           	line	8
   202                           ;code.c: 8: PORTB=0X00;
   203  07D6  1283               	bcf	status, 5	;RP0=0, select bank0
   204  07D7  1303               	bcf	status, 6	;RP1=0, select bank0
   205  07D8  0186               	clrf	(6)	;volatile
   206  07D9  2FDA               	goto	l1827
   207                           	line	9
   208                           ;code.c: 9: while(1)
   209                           	
   210  07DA                     l687:	
   211                           	line	11
   212                           	
   213  07DA                     l1827:	
   214                           ;code.c: 10: {
   215                           ;code.c: 11: PORTB=0XFF;
   216  07DA  30FF               	movlw	(0FFh)
   217  07DB  1283               	bcf	status, 5	;RP0=0, select bank0
   218  07DC  1303               	bcf	status, 6	;RP1=0, select bank0
   219  07DD  0086               	movwf	(6)	;volatile
   220                           	line	12
   221                           	
   222  07DE                     l1829:	
   223                           ;code.c: 12: _delay((unsigned long)((1000)*(8000000/4000.0)));
   224                           	opt asmopt_off
   225  07DE  300B               movlw  11
   226  07DF  00F2               movwf	((??_main+0)+0+2),f
   227  07E0  301C               movlw	28
   228  07E1  00F1               movwf	((??_main+0)+0+1),f
   229  07E2  3063               	movlw	99
   230  07E3  00F0               movwf	((??_main+0)+0),f
   231  07E4                     u2147:
   232  07E4  0BF0               	decfsz	((??_main+0)+0),f
   233  07E5  2FE4               	goto	u2147
   234  07E6  0BF1               	decfsz	((??_main+0)+0+1),f
   235  07E7  2FE4               	goto	u2147
   236  07E8  0BF2               	decfsz	((??_main+0)+0+2),f
   237  07E9  2FE4               	goto	u2147
   238  07EA  0064               	clrwdt
   239                           opt asmopt_on
   240                           
   241                           	line	13
   242                           ;code.c: 13: PORTB=0X00;
   243  07EB  1283               	bcf	status, 5	;RP0=0, select bank0
   244  07EC  1303               	bcf	status, 6	;RP1=0, select bank0
   245  07ED  0186               	clrf	(6)	;volatile
   246                           	line	14
   247                           	
   248  07EE                     l1831:	
   249                           ;code.c: 14: _delay((unsigned long)((1000)*(8000000/4000.0)));
   250                           	opt asmopt_off
   251  07EE  300B               movlw  11
   252  07EF  00F2               movwf	((??_main+0)+0+2),f
   253  07F0  301C               movlw	28
   254  07F1  00F1               movwf	((??_main+0)+0+1),f
   255  07F2  3063               	movlw	99
   256  07F3  00F0               movwf	((??_main+0)+0),f
   257  07F4                     u2157:
   258  07F4  0BF0               	decfsz	((??_main+0)+0),f
   259  07F5  2FF4               	goto	u2157
   260  07F6  0BF1               	decfsz	((??_main+0)+0+1),f
   261  07F7  2FF4               	goto	u2157
   262  07F8  0BF2               	decfsz	((??_main+0)+0+2),f
   263  07F9  2FF4               	goto	u2157
   264  07FA  0064               	clrwdt
   265                           opt asmopt_on
   266                           
   267  07FB  2FDA               	goto	l1827
   268                           	line	15
   269                           	
   270  07FC                     l688:	
   271                           	line	9
   272  07FC  2FDA               	goto	l1827
   273                           	
   274  07FD                     l689:	
   275                           	line	16
   276                           	
   277  07FD                     l690:	
   278                           	global	start
   279  07FD  120A  118A  2800   	ljmp	start
   280                           	opt stack 0
   281                           GLOBAL	__end_of_main
   282  0800                     	__end_of_main:
   283 ;; =============== function _main ends ============
   284                           
   285                           	signat	_main,88
   286                           psect	maintext
   287                           	global	btemp
   288  007E                     	btemp set 07Eh
   289                           
   290                           	DABS	1,126,2	;btemp
   291                           	global	wtemp0
   292  007E                     	wtemp0 set btemp


HI-TECH Software PICC Macro Assembler V9.81 build 7503 
Symbol Table                                                                                   Sun Mar 02 10:08:17 2014

                 l690 07FD                   l687 07DA                   l688 07FC                   l689 07FD  
                l1831 07EE                  l1825 07D3                  l1827 07DA                  l1829 07DE  
                u2147 07E4                  u2157 07F4                  _main 07D3                  btemp 007E  
                start 0000                 ?_main 0070                 _PORTB 0006                 _TRISB 0086  
               status 0003                 wtemp0 007E          __end_of_main 0800                ??_main 0070  
      __pcstackCOMMON 0070            __pmaintext 07D3  end_of_initialization 07CF   start_initialization 07CF  
       __size_of_main 002D  
