

Microchip Technology PIC LITE Macro Assembler V1.33 build 59893 
                                                                                               Thu Nov 27 17:19:26 2014

Microchip Technology Omniscient Code Generator (Lite mode) build 59893
     1                           	processor	16F877A
     2                           	opt	pw 120
     3                           	opt	lm
     4                           	psect	maintext,global,class=CODE,split=1,delta=2
     5                           	psect	cinit,global,class=CODE,merge=1,delta=2
     6                           	psect	cstackCOMMON,global,class=COMMON,space=1,delta=1
     7                           	dabs	1,0x7E,2
     8  0000                     	;# 
     9  0001                     	;# 
    10  0002                     	;# 
    11  0003                     	;# 
    12  0004                     	;# 
    13  0005                     	;# 
    14  0006                     	;# 
    15  0007                     	;# 
    16  0008                     	;# 
    17  0009                     	;# 
    18  000A                     	;# 
    19  000B                     	;# 
    20  000C                     	;# 
    21  000D                     	;# 
    22  000E                     	;# 
    23  000E                     	;# 
    24  000F                     	;# 
    25  0010                     	;# 
    26  0011                     	;# 
    27  0012                     	;# 
    28  0013                     	;# 
    29  0014                     	;# 
    30  0015                     	;# 
    31  0015                     	;# 
    32  0016                     	;# 
    33  0017                     	;# 
    34  0018                     	;# 
    35  0019                     	;# 
    36  001A                     	;# 
    37  001B                     	;# 
    38  001B                     	;# 
    39  001C                     	;# 
    40  001D                     	;# 
    41  001E                     	;# 
    42  001F                     	;# 
    43  0081                     	;# 
    44  0085                     	;# 
    45  0086                     	;# 
    46  0087                     	;# 
    47  0088                     	;# 
    48  0089                     	;# 
    49  008C                     	;# 
    50  008D                     	;# 
    51  008E                     	;# 
    52  0091                     	;# 
    53  0092                     	;# 
    54  0093                     	;# 
    55  0094                     	;# 
    56  0098                     	;# 
    57  0099                     	;# 
    58  009C                     	;# 
    59  009D                     	;# 
    60  009E                     	;# 
    61  009F                     	;# 
    62  010C                     	;# 
    63  010D                     	;# 
    64  010E                     	;# 
    65  010F                     	;# 
    66  018C                     	;# 
    67  018D                     	;# 
    68  0006                     _PORTB	set	6
    69  0430                     _TRISB0	set	1072
    70                           
    71                           	psect	maintext
    72  07D7                     __pmaintext:	
    73                           ; #config settings
    74                           
    75                           
    76                           ;psect for function _main
    77  0000                     
    78 ;;
    79 ;;Main: autosize = 0, tempsize = 3, incstack = 0, save=0
    80 ;;
    81 ;; *************** function _main *****************
    82 ;; Defined at:
    83 ;;		line 16 in file "led.c"
    84 ;; Parameters:    Size  Location     Type
    85 ;;		None
    86 ;; Auto vars:     Size  Location     Type
    87 ;;		None
    88 ;; Return value:  Size  Location     Type
    89 ;;                  2    8[COMMON] int 
    90 ;; Registers used:
    91 ;;		wreg, status,2
    92 ;; Tracked objects:
    93 ;;		On entry : 17F/0
    94 ;;		On exit  : 0/0
    95 ;;		Unchanged: 0/0
    96 ;; Data sizes:     COMMON   BANK0   BANK1   BANK3   BANK2
    97 ;;      Params:         0       0       0       0       0
    98 ;;      Locals:         0       0       0       0       0
    99 ;;      Temps:          3       0       0       0       0
   100 ;;      Totals:         3       0       0       0       0
   101 ;;Total ram usage:        3 bytes
   102 ;; This function calls:
   103 ;;		Nothing
   104 ;; This function is called by:
   105 ;;		Startup code after reset
   106 ;; This function uses a non-reentrant model
   107 ;;
   108  07D7                     _main:	
   109                           
   110                           ;led.c: 18: TRISB0 = 0;
   111                           
   112                           ;incstack = 0
   113                           ; Regs used in _main: [wreg+status,2]
   114  07D7  1683               	bsf	3,5	;RP0=1, select bank1
   115  07D8  1303               	bcf	3,6	;RP1=0, select bank1
   116  07D9  1006               	bcf	6,0	;volatile
   117  07DA                     l471:	
   118                           ;led.c: 20: while(1)
   119                           
   120                           
   121                           ;led.c: 21: {
   122                           ;led.c: 22: PORTB = 0xFF;
   123  07DA  30FF               	movlw	255
   124  07DB  1283               	bcf	3,5	;RP0=0, select bank0
   125  07DC  1303               	bcf	3,6	;RP1=0, select bank0
   126  07DD  0086               	movwf	6	;volatile
   127                           
   128                           ;led.c: 23: _delay((unsigned long)((1000)*(20000000/4000.0)));
   129  07DE  301A               	movlw	26
   130  07DF  00F2               	movwf	??_main+2
   131  07E0  305E               	movlw	94
   132  07E1  00F1               	movwf	??_main+1
   133  07E2  3086               	movlw	134
   134  07E3  00F0               	movwf	??_main
   135  07E4                     u17:	
   136  07E4  0BF0               	decfsz	??_main,f
   137  07E5  2FE4               	goto	u17
   138  07E6  0BF1               	decfsz	??_main+1,f
   139  07E7  2FE4               	goto	u17
   140  07E8  0BF2               	decfsz	??_main+2,f
   141  07E9  2FE4               	goto	u17
   142  07EA  0000               	nop
   143                           
   144                           ;led.c: 24: PORTB = 0X00;
   145  07EB  1283               	bcf	3,5	;RP0=0, select bank0
   146  07EC  1303               	bcf	3,6	;RP1=0, select bank0
   147  07ED  0186               	clrf	6	;volatile
   148                           
   149                           ;led.c: 25: _delay((unsigned long)((1000)*(20000000/4000.0)));
   150  07EE  301A               	movlw	26
   151  07EF  00F2               	movwf	??_main+2
   152  07F0  305E               	movlw	94
   153  07F1  00F1               	movwf	??_main+1
   154  07F2  3086               	movlw	134
   155  07F3  00F0               	movwf	??_main
   156  07F4                     u27:	
   157  07F4  0BF0               	decfsz	??_main,f
   158  07F5  2FF4               	goto	u27
   159  07F6  0BF1               	decfsz	??_main+1,f
   160  07F7  2FF4               	goto	u27
   161  07F8  0BF2               	decfsz	??_main+2,f
   162  07F9  2FF4               	goto	u27
   163  07FA  0000               	nop
   164  07FB  2FDA               	goto	l471
   165  07FC                     __end_of_main:	
   166                           ;led.c: 26: }
   167                           ;led.c: 28: return 0;
   168                           ;	Return value of _main is never used
   169                           
   170  007E                     btemp	set	126	;btemp
   171  007E                     wtemp	set	126
   172  007E                     wtemp0	set	126
   173  0080                     wtemp1	set	128
   174  0082                     wtemp2	set	130
   175  0084                     wtemp3	set	132
   176  0086                     wtemp4	set	134
   177  0088                     wtemp5	set	136
   178  007F                     wtemp6	set	127
   179  007E                     ttemp	set	126
   180  007E                     ttemp0	set	126
   181  0081                     ttemp1	set	129
   182  0084                     ttemp2	set	132
   183  0087                     ttemp3	set	135
   184  007F                     ttemp4	set	127
   185  007E                     ltemp	set	126
   186  007E                     ltemp0	set	126
   187  0082                     ltemp1	set	130
   188  0086                     ltemp2	set	134
   189  0080                     ltemp3	set	128
   190                           
   191                           	psect	cinit
   192  07FC                     start_initialization:	
   193  07FC                     __initialization:	
   194  07FC                     end_of_initialization:	
   195                           ;End of C runtime variable initialization code
   196                           
   197  07FC                     __end_of__initialization:	
   198  07FC  0183               	clrf	3
   199  07FD  120A  118A  2FD7   	ljmp	_main	;jump to C main() function
   200                           
   201                           	psect	cstackCOMMON
   202  0070                     __pcstackCOMMON:	
   203  0070                     ??_main:	
   204  0070                     ?_main:	
   205                           ; 0 bytes @ 0x0
   206                           
   207                           
   208                           ; 2 bytes @ 0x0
   209  0070                     	ds	3


Data Sizes:
    Strings     0
    Constant    0
    Data        0
    BSS         0
    Persistent  0
    Stack       0

Auto Spaces:
    Space          Size  Autos    Used
    COMMON           14      3       3
    BANK0            80      0       0
    BANK1            80      0       0
    BANK3            96      0       0
    BANK2            96      0       0

Pointer List with Targets:

    None.

Critical Paths under _main in COMMON

    None.

Critical Paths under _main in BANK0

    None.

Critical Paths under _main in BANK1

    None.

Critical Paths under _main in BANK3

    None.

Critical Paths under _main in BANK2

    None.

Call Graph Tables:

 ---------------------------------------------------------------------------------
 (Depth) Function   	        Calls       Base Space   Used Autos Params    Refs
 ---------------------------------------------------------------------------------
 (0) _main                                                 3     3      0       0
                                              0 COMMON     3     3      0
 ---------------------------------------------------------------------------------
 Estimated maximum stack depth 0
 ---------------------------------------------------------------------------------

 Call Graph Graphs:

 _main (ROOT)

 Address spaces:
Name               Size   Autos  Total    Cost      Usage
BITCOMMON            E      0       0       0        0.0%
EEDATA             100      0       0       0        0.0%
NULL                 0      0       0       0        0.0%
CODE                 0      0       0       0        0.0%
COMMON               E      3       3       1       21.4%
BITSFR0              0      0       0       1        0.0%
SFR0                 0      0       0       1        0.0%
BITSFR1              0      0       0       2        0.0%
SFR1                 0      0       0       2        0.0%
STACK                0      0       0       2        0.0%
ABS                  0      0       0       3        0.0%
BITBANK0            50      0       0       4        0.0%
BITSFR3              0      0       0       4        0.0%
SFR3                 0      0       0       4        0.0%
BANK0               50      0       0       5        0.0%
BITSFR2              0      0       0       5        0.0%
SFR2                 0      0       0       5        0.0%
BITBANK1            50      0       0       6        0.0%
BANK1               50      0       0       7        0.0%
BITBANK3            60      0       0       8        0.0%
BANK3               60      0       0       9        0.0%
BITBANK2            60      0       0      10        0.0%
BANK2               60      0       0      11        0.0%
DATA                 0      0       0      12        0.0%


Microchip Technology PIC Macro Assembler V1.33 build 59893 
Symbol Table                                                                                   Thu Nov 27 17:19:26 2014

            __CFG_CP$OFF 0000                       u17 07E4                       u27 07F4  
                    l471 07DA             __CFG_CPD$OFF 0000             __CFG_FOSC$HS 0000  
           __CFG_LVP$OFF 0000             __CFG_WDTE$ON 0000             __CFG_WRT$OFF 0000  
                   _main 07D7                     btemp 007E            __CFG_BOREN$ON 0000  
                   ltemp 007E                     start 0000                     ttemp 007E  
                   wtemp 007E                    ?_main 0070                    _PORTB 0006  
                  ltemp0 007E                    ltemp1 0082                    ltemp2 0086  
                  ltemp3 0080                    ttemp0 007E                    ttemp1 0081  
                  ttemp2 0084                    ttemp3 0087                    ttemp4 007F  
                  status 0003                    wtemp0 007E                    wtemp1 0080  
                  wtemp2 0082                    wtemp3 0084                    wtemp4 0086  
                  wtemp5 0088                    wtemp6 007F          __initialization 07FC  
           __end_of_main 07FC                   ??_main 0070                   _TRISB0 0430  
         __CFG_PWRTE$OFF 0000  __end_of__initialization 07FC           __pcstackCOMMON 0070  
             __pmaintext 07D7     end_of_initialization 07FC      start_initialization 07FC  
              ___latbits 0002            __size_of_main 0025  
